<?xml version="1.0" encoding="UTF-8"?>
<testng-results skipped="0" failed="0" ignored="0" total="1" passed="1">
  <reporter-output>
  </reporter-output>
  <suite name="Default suite" duration-ms="5805" started-at="2019-03-04T14:31:09Z" finished-at="2019-03-04T14:31:15Z">
    <groups>
    </groups>
    <test name="Default test" duration-ms="5805" started-at="2019-03-04T14:31:09Z" finished-at="2019-03-04T14:31:15Z">
      <class name="GridTest.ChromeGridTest">
        <test-method status="PASS" signature="setUp()[pri:0, instance:GridTest.ChromeGridTest@464bee09]" name="setUp" is-config="true" duration-ms="4928" started-at="2019-03-04T14:31:09Z" finished-at="2019-03-04T14:31:14Z">
          <reporter-output>
          </reporter-output>
        </test-method> <!-- setUp -->
        <test-method status="PASS" signature="getTitleTest()[pri:0, instance:GridTest.ChromeGridTest@464bee09]" name="getTitleTest" duration-ms="697" started-at="2019-03-04T14:31:14Z" finished-at="2019-03-04T14:31:15Z">
          <reporter-output>
          </reporter-output>
        </test-method> <!-- getTitleTest -->
        <test-method status="PASS" signature="afterTest()[pri:0, instance:GridTest.ChromeGridTest@464bee09]" name="afterTest" is-config="true" duration-ms="148" started-at="2019-03-04T14:31:15Z" finished-at="2019-03-04T14:31:15Z">
          <reporter-output>
          </reporter-output>
        </test-method> <!-- afterTest -->
      </class> <!-- GridTest.ChromeGridTest -->
    </test> <!-- Default test -->
  </suite> <!-- Default suite -->
</testng-results>
